<?xml version="1.0" encoding="UTF-8"?>
<!-- Generated by org.testng.reporters.JUnitReportReporter -->
<testsuite hostname="DESKTOP-SNELE18" failures="0" tests="1" name="flipTask.test.TestClass" time="19.958" errors="0" timestamp="2021-10-28T17:56:55 IST" skipped="0">
  <testcase classname="flipTask.test.TestClass" name="reviewTest" time="19.958"/>
  <system-out/>
</testsuite> <!-- flipTask.test.TestClass -->
