<?xml version="1.0" encoding="UTF-8"?>
<!-- Generated by org.testng.reporters.JUnitReportReporter -->
<testsuite hostname="DESKTOP-SNELE18" failures="0" tests="1" name="com.flipTask.tests.TestClass" time="44.965" errors="0" timestamp="2021-10-30T17:13:40 IST" skipped="0">
  <testcase classname="com.flipTask.tests.TestClass" name="validateRoundTripBooking" time="44.965"/>
  <system-out/>
</testsuite> <!-- com.flipTask.tests.TestClass -->
